2025-11-23 19:29:46 INFO  AutomationLogger:10 - ===== Starting Test =====
2025-11-23 21:32:14 INFO  AutomationLogger:32 - ===== TEST SUITE STARTED: UiAutomationTask =====
2025-11-23 21:32:31 INFO  AutomationLogger:22 - TEST STARTED: testcase01
2025-11-23 21:32:31 INFO  AutomationLogger:17 - ===== Starting Test =====
2025-11-23 21:32:31 INFO  AutomationLogger:18 - Entering login details...
2025-11-23 21:32:32 INFO  AutomationLogger:24 - The User Successfully Login
2025-11-23 21:32:32 INFO  AutomationLogger:27 - TEST PASSED: testcase01
2025-11-23 21:32:33 INFO  AutomationLogger:37 - ===== TEST SUITE FINISHED: UiAutomationTask =====
2025-11-23 21:59:53 INFO  AutomationLogger:32 - ===== TEST SUITE STARTED: UiAutomationTask =====
2025-11-23 22:00:00 INFO  AutomationLogger:22 - TEST STARTED: testcase01
2025-11-23 22:00:00 INFO  AutomationLogger:17 - ===== Starting Test =====
2025-11-23 22:00:00 INFO  AutomationLogger:18 - Entering login details...
2025-11-23 22:00:04 INFO  AutomationLogger:24 - The User Successfully Login
2025-11-23 22:00:04 INFO  AutomationLogger:27 - TEST PASSED: testcase01
2025-11-23 22:00:05 INFO  AutomationLogger:37 - ===== TEST SUITE FINISHED: UiAutomationTask =====
2025-11-23 22:05:10 INFO  AutomationLogger:32 - ===== TEST SUITE STARTED: UiAutomationTask =====
2025-11-23 22:05:10 INFO  AutomationLogger:22 - TEST STARTED: testcase01
2025-11-23 22:05:10 INFO  AutomationLogger:37 - ===== TEST SUITE FINISHED: UiAutomationTask =====
2025-11-23 22:06:07 INFO  AutomationLogger:32 - ===== TEST SUITE STARTED: UiAutomationTask =====
2025-11-23 22:06:10 INFO  AutomationLogger:22 - TEST STARTED: testcase01
2025-11-23 22:06:10 INFO  AutomationLogger:37 - ===== TEST SUITE FINISHED: UiAutomationTask =====
2025-11-23 22:14:38 INFO  AutomationLogger:32 - ===== TEST SUITE STARTED: UiAutomationTask =====
2025-11-23 22:14:42 INFO  AutomationLogger:22 - TEST STARTED: testcase01
2025-11-23 22:14:42 INFO  AutomationLogger:37 - ===== TEST SUITE FINISHED: UiAutomationTask =====
2025-11-23 22:20:08 INFO  AutomationLogger:32 - ===== TEST SUITE STARTED: UiAutomationTask =====
2025-11-23 22:20:12 INFO  AutomationLogger:22 - TEST STARTED: testcase01
2025-11-23 22:20:12 INFO  AutomationLogger:37 - ===== TEST SUITE FINISHED: UiAutomationTask =====
2025-11-23 22:30:03 INFO  AutomationLogger:32 - ===== TEST SUITE STARTED: UiAutomationTask =====
2025-11-23 22:30:03 ERROR AutomationLogger:14 - TEST FAILED: testcase01
2025-11-23 22:30:03 INFO  AutomationLogger:37 - ===== TEST SUITE FINISHED: UiAutomationTask =====
2025-11-23 22:31:03 INFO  AutomationLogger:32 - ===== TEST SUITE STARTED: UiAutomationTask =====
2025-11-23 22:31:04 ERROR AutomationLogger:14 - TEST FAILED: testcase01
2025-11-23 22:31:04 INFO  AutomationLogger:37 - ===== TEST SUITE FINISHED: UiAutomationTask =====
2025-11-23 22:31:14 INFO  AutomationLogger:32 - ===== TEST SUITE STARTED: UiAutomationTask =====
2025-11-23 22:31:14 ERROR AutomationLogger:14 - TEST FAILED: testcase01
2025-11-23 22:31:14 INFO  AutomationLogger:37 - ===== TEST SUITE FINISHED: UiAutomationTask =====
2025-11-23 22:34:31 INFO  AutomationLogger:32 - ===== TEST SUITE STARTED: UiAutomationTask =====
2025-11-23 22:34:32 INFO  AutomationLogger:22 - TEST STARTED: testcase01
2025-11-23 22:34:32 INFO  AutomationLogger:37 - ===== TEST SUITE FINISHED: UiAutomationTask =====
2025-11-23 22:36:31 INFO  AutomationLogger:32 - ===== TEST SUITE STARTED: UiAutomationTask =====
2025-11-23 22:36:39 INFO  AutomationLogger:22 - TEST STARTED: testcase01
2025-11-23 22:36:39 INFO  AutomationLogger:17 - ===== Starting Test =====
2025-11-23 22:36:39 INFO  AutomationLogger:18 - Entering login details...
2025-11-23 22:36:40 INFO  AutomationLogger:24 - The User Successfully Login
2025-11-23 22:36:40 INFO  AutomationLogger:27 - TEST PASSED: testcase01
2025-11-23 22:36:40 INFO  AutomationLogger:37 - ===== TEST SUITE FINISHED: UiAutomationTask =====
2025-11-23 22:55:32 INFO  AutomationLogger:32 - ===== TEST SUITE STARTED: UiAutomationTask =====
2025-11-23 22:55:36 INFO  AutomationLogger:22 - TEST STARTED: testcase01
2025-11-23 22:55:36 INFO  AutomationLogger:17 - ===== Starting Test =====
2025-11-23 22:55:36 INFO  AutomationLogger:18 - Entering login details...
2025-11-23 22:55:42 INFO  AutomationLogger:24 - The User Successfully Login
2025-11-23 22:55:42 INFO  AutomationLogger:27 - TEST PASSED: testcase01
2025-11-23 22:55:42 INFO  AutomationLogger:37 - ===== TEST SUITE FINISHED: UiAutomationTask =====
2025-11-23 23:04:58 INFO  AutomationLogger:32 - ===== TEST SUITE STARTED: UiAutomationTask =====
2025-11-23 23:05:06 INFO  AutomationLogger:22 - TEST STARTED: testcase01
2025-11-23 23:05:06 INFO  AutomationLogger:17 - ===== Starting Test =====
2025-11-23 23:05:06 INFO  AutomationLogger:18 - Entering login details...
2025-11-23 23:05:07 INFO  AutomationLogger:24 - The User Successfully Login
2025-11-23 23:05:07 INFO  AutomationLogger:27 - TEST PASSED: testcase01
2025-11-23 23:05:07 INFO  AutomationLogger:37 - ===== TEST SUITE FINISHED: UiAutomationTask =====
2025-11-23 23:05:19 INFO  AutomationLogger:32 - ===== TEST SUITE STARTED: UiAutomationTask =====
2025-11-23 23:05:21 INFO  AutomationLogger:22 - TEST STARTED: testcase01
2025-11-23 23:05:21 INFO  AutomationLogger:37 - ===== TEST SUITE FINISHED: UiAutomationTask =====
2025-11-23 23:05:28 INFO  AutomationLogger:32 - ===== TEST SUITE STARTED: UiAutomationTask =====
2025-11-23 23:05:41 INFO  AutomationLogger:22 - TEST STARTED: testcase01
2025-11-23 23:05:41 INFO  AutomationLogger:17 - ===== Starting Test =====
2025-11-23 23:05:41 INFO  AutomationLogger:18 - Entering login details...
2025-11-23 23:05:45 INFO  AutomationLogger:24 - The User Successfully Login
2025-11-23 23:05:45 INFO  AutomationLogger:27 - TEST PASSED: testcase01
2025-11-23 23:05:47 INFO  AutomationLogger:37 - ===== TEST SUITE FINISHED: UiAutomationTask =====
2025-11-23 23:07:21 INFO  AutomationLogger:32 - ===== TEST SUITE STARTED: UiAutomationTask =====
2025-11-23 23:07:34 INFO  AutomationLogger:22 - TEST STARTED: testcase01
2025-11-23 23:07:34 INFO  AutomationLogger:17 - ===== Starting Test =====
2025-11-23 23:07:34 INFO  AutomationLogger:18 - Entering login details...
2025-11-23 23:07:39 INFO  AutomationLogger:24 - The User Successfully Login
2025-11-23 23:07:39 INFO  AutomationLogger:27 - TEST PASSED: testcase01
2025-11-23 23:07:40 INFO  AutomationLogger:37 - ===== TEST SUITE FINISHED: UiAutomationTask =====
2025-11-23 23:10:05 INFO  AutomationLogger:32 - ===== TEST SUITE STARTED: UiAutomationTask =====
2025-11-23 23:10:09 INFO  AutomationLogger:22 - TEST STARTED: testcase01
2025-11-23 23:10:09 INFO  AutomationLogger:17 - ===== Starting Test =====
2025-11-23 23:10:09 INFO  AutomationLogger:18 - Entering login details...
2025-11-23 23:10:14 INFO  AutomationLogger:24 - The User Successfully Login
2025-11-23 23:10:14 INFO  AutomationLogger:27 - TEST PASSED: testcase01
2025-11-23 23:10:14 INFO  AutomationLogger:37 - ===== TEST SUITE FINISHED: UiAutomationTask =====
2025-11-23 23:20:15 INFO  AutomationLogger:32 - ===== TEST SUITE STARTED: UiAutomationTask =====
2025-11-23 23:20:21 INFO  AutomationLogger:22 - TEST STARTED: testcase01
2025-11-23 23:20:21 INFO  AutomationLogger:19 - ===== Starting Test =====
2025-11-23 23:20:21 INFO  AutomationLogger:18 - Entering login details...
2025-11-23 23:20:21 ERROR AutomationLogger:14 - TEST FAILED: testcase01
2025-11-23 23:20:22 INFO  AutomationLogger:30 - Screenshot captured: screenshots\testcase01_20251123_232022.png
2025-11-23 23:20:22 ERROR AutomationLogger:17 - Screenshot saved at: screenshots\testcase01_20251123_232022.png
2025-11-23 23:20:22 INFO  AutomationLogger:37 - ===== TEST SUITE FINISHED: UiAutomationTask =====
2025-11-23 23:21:06 INFO  AutomationLogger:32 - ===== TEST SUITE STARTED: UiAutomationTask =====
2025-11-23 23:21:12 INFO  AutomationLogger:22 - TEST STARTED: testcase01
2025-11-23 23:21:12 INFO  AutomationLogger:19 - ===== Starting Test =====
2025-11-23 23:21:12 INFO  AutomationLogger:18 - Entering login details...
2025-11-23 23:21:12 ERROR AutomationLogger:14 - TEST FAILED: testcase01
2025-11-23 23:21:12 INFO  AutomationLogger:30 - Screenshot captured: screenshots\testcase01_20251123_232112.png
2025-11-23 23:21:12 ERROR AutomationLogger:17 - Screenshot saved at: screenshots\testcase01_20251123_232112.png
2025-11-23 23:21:12 INFO  AutomationLogger:37 - ===== TEST SUITE FINISHED: UiAutomationTask =====
2025-11-23 23:21:39 INFO  AutomationLogger:32 - ===== TEST SUITE STARTED: UiAutomationTask =====
2025-11-23 23:21:46 INFO  AutomationLogger:22 - TEST STARTED: testcase01
2025-11-23 23:21:46 INFO  AutomationLogger:19 - ===== Starting Test =====
2025-11-23 23:21:46 INFO  AutomationLogger:18 - Entering login details...
2025-11-23 23:21:46 ERROR AutomationLogger:14 - TEST FAILED: testcase01
2025-11-23 23:21:46 INFO  AutomationLogger:30 - Screenshot captured: screenshots\testcase01_20251123_232146.png
2025-11-23 23:21:46 ERROR AutomationLogger:17 - Screenshot saved at: screenshots\testcase01_20251123_232146.png
2025-11-23 23:21:46 INFO  AutomationLogger:37 - ===== TEST SUITE FINISHED: UiAutomationTask =====
2025-11-23 23:24:04 INFO  AutomationLogger:32 - ===== TEST SUITE STARTED: UiAutomationTask =====
2025-11-23 23:24:11 INFO  AutomationLogger:22 - TEST STARTED: testcase01
2025-11-23 23:24:11 INFO  AutomationLogger:19 - ===== Starting Test =====
2025-11-23 23:24:11 INFO  AutomationLogger:18 - Entering login details...
2025-11-23 23:24:11 ERROR AutomationLogger:14 - TEST FAILED: testcase01
2025-11-23 23:24:11 INFO  AutomationLogger:30 - Screenshot captured: screenshots\testcase01_20251123_232411.png
2025-11-23 23:24:11 ERROR AutomationLogger:17 - Screenshot saved at: screenshots\testcase01_20251123_232411.png
2025-11-23 23:24:11 INFO  AutomationLogger:37 - ===== TEST SUITE FINISHED: UiAutomationTask =====
2025-11-23 23:27:18 INFO  AutomationLogger:32 - ===== TEST SUITE STARTED: UiAutomationTask =====
2025-11-23 23:27:25 INFO  AutomationLogger:22 - TEST STARTED: testcase01
2025-11-23 23:27:25 INFO  AutomationLogger:19 - ===== Starting Test =====
2025-11-23 23:27:25 INFO  AutomationLogger:18 - Entering login details...
2025-11-23 23:27:25 ERROR AutomationLogger:14 - TEST FAILED: testcase01
2025-11-23 23:27:25 INFO  AutomationLogger:30 - Screenshot captured: screenshots\testcase01_20251123_232725.png
2025-11-23 23:27:25 ERROR AutomationLogger:17 - Screenshot saved at: screenshots\testcase01_20251123_232725.png
2025-11-23 23:27:25 INFO  AutomationLogger:37 - ===== TEST SUITE FINISHED: UiAutomationTask =====
2025-11-23 23:29:06 INFO  AutomationLogger:32 - ===== TEST SUITE STARTED: UiAutomationTask =====
2025-11-23 23:29:13 INFO  AutomationLogger:22 - TEST STARTED: testcase01
2025-11-23 23:29:13 INFO  AutomationLogger:19 - ===== Starting Test =====
2025-11-23 23:29:13 INFO  AutomationLogger:18 - Entering login details...
2025-11-23 23:29:13 ERROR AutomationLogger:14 - TEST FAILED: testcase01
2025-11-23 23:29:14 INFO  AutomationLogger:30 - Screenshot captured: screenshots\testcase01_20251123_232914.png
2025-11-23 23:29:14 ERROR AutomationLogger:17 - Screenshot saved at: screenshots\testcase01_20251123_232914.png
2025-11-23 23:29:14 INFO  AutomationLogger:37 - ===== TEST SUITE FINISHED: UiAutomationTask =====
2025-11-23 23:31:35 INFO  AutomationLogger:32 - ===== TEST SUITE STARTED: UiAutomationTask =====
2025-11-23 23:31:41 INFO  AutomationLogger:22 - TEST STARTED: testcase01
2025-11-23 23:31:41 INFO  AutomationLogger:19 - ===== Starting Test =====
2025-11-23 23:31:41 INFO  AutomationLogger:20 - Entering login details...
2025-11-23 23:31:41 ERROR AutomationLogger:14 - TEST FAILED: testcase01
2025-11-23 23:31:42 INFO  AutomationLogger:30 - Screenshot captured: screenshots\testcase01_20251123_233142.png
2025-11-23 23:31:42 ERROR AutomationLogger:17 - Screenshot saved at: screenshots\testcase01_20251123_233142.png
2025-11-23 23:31:42 INFO  AutomationLogger:37 - ===== TEST SUITE FINISHED: UiAutomationTask =====
2025-11-23 23:34:47 INFO  AutomationLogger:32 - ===== TEST SUITE STARTED: UiAutomationTask =====
2025-11-23 23:34:54 INFO  AutomationLogger:22 - TEST STARTED: testcase01
2025-11-23 23:34:54 INFO  AutomationLogger:18 - ===== Starting Test =====
2025-11-23 23:34:54 INFO  AutomationLogger:19 - Entering login details...
2025-11-23 23:35:07 ERROR AutomationLogger:14 - TEST FAILED: testcase01
2025-11-23 23:35:07 INFO  AutomationLogger:30 - Screenshot captured: screenshots\testcase01_20251123_233507.png
2025-11-23 23:35:07 ERROR AutomationLogger:17 - Screenshot saved at: screenshots\testcase01_20251123_233507.png
2025-11-23 23:35:08 INFO  AutomationLogger:37 - ===== TEST SUITE FINISHED: UiAutomationTask =====
2025-11-23 23:36:07 INFO  AutomationLogger:32 - ===== TEST SUITE STARTED: UiAutomationTask =====
2025-11-23 23:36:15 INFO  AutomationLogger:22 - TEST STARTED: testcase01
2025-11-23 23:36:15 INFO  AutomationLogger:18 - ===== Starting Test =====
2025-11-23 23:36:15 INFO  AutomationLogger:19 - Entering login details...
2025-11-23 23:36:28 ERROR AutomationLogger:14 - TEST FAILED: testcase01
2025-11-23 23:36:28 INFO  AutomationLogger:30 - Screenshot captured: screenshots\testcase01_20251123_233628.png
2025-11-23 23:36:28 ERROR AutomationLogger:17 - Screenshot saved at: screenshots\testcase01_20251123_233628.png
2025-11-23 23:36:28 INFO  AutomationLogger:37 - ===== TEST SUITE FINISHED: UiAutomationTask =====
2025-11-23 23:40:20 INFO  AutomationLogger:32 - ===== TEST SUITE STARTED: UiAutomationTask =====
2025-11-23 23:40:27 INFO  AutomationLogger:22 - TEST STARTED: testcase01
2025-11-23 23:40:27 INFO  AutomationLogger:18 - ===== Starting Test =====
2025-11-23 23:40:27 INFO  AutomationLogger:19 - Entering login details...
2025-11-23 23:40:41 ERROR AutomationLogger:14 - TEST FAILED: testcase01
2025-11-23 23:40:41 INFO  AutomationLogger:30 - Screenshot captured: screenshots\testcase01_20251123_234041.png
2025-11-23 23:40:41 ERROR AutomationLogger:17 - Screenshot saved at: screenshots\testcase01_20251123_234041.png
2025-11-23 23:40:41 INFO  AutomationLogger:37 - ===== TEST SUITE FINISHED: UiAutomationTask =====
2025-11-23 23:40:59 INFO  AutomationLogger:32 - ===== TEST SUITE STARTED: UiAutomationTask =====
2025-11-23 23:41:06 INFO  AutomationLogger:22 - TEST STARTED: testcase01
2025-11-23 23:41:06 INFO  AutomationLogger:18 - ===== Starting Test =====
2025-11-23 23:41:06 INFO  AutomationLogger:19 - Entering login details...
2025-11-23 23:41:17 ERROR AutomationLogger:14 - TEST FAILED: testcase01
2025-11-23 23:41:17 INFO  AutomationLogger:30 - Screenshot captured: screenshots\testcase01_20251123_234117.png
2025-11-23 23:41:17 ERROR AutomationLogger:17 - Screenshot saved at: screenshots\testcase01_20251123_234117.png
2025-11-23 23:41:18 INFO  AutomationLogger:37 - ===== TEST SUITE FINISHED: UiAutomationTask =====
2025-11-23 23:47:17 INFO  AutomationLogger:32 - ===== TEST SUITE STARTED: UiAutomationTask =====
2025-11-23 23:47:23 INFO  AutomationLogger:22 - TEST STARTED: testcase01
2025-11-23 23:47:23 INFO  AutomationLogger:28 - ===== Starting Test =====
2025-11-23 23:47:23 INFO  AutomationLogger:19 - Entering login details...
2025-11-23 23:47:36 ERROR AutomationLogger:14 - TEST FAILED: testcase01
2025-11-23 23:47:37 INFO  AutomationLogger:30 - Screenshot captured: screenshots\testcase01_20251123_234737.png
2025-11-23 23:47:37 ERROR AutomationLogger:17 - Screenshot saved at: screenshots\testcase01_20251123_234737.png
2025-11-23 23:47:37 INFO  AutomationLogger:37 - ===== TEST SUITE FINISHED: UiAutomationTask =====
2025-11-23 23:49:59 INFO  AutomationLogger:32 - ===== TEST SUITE STARTED: UiAutomationTask =====
2025-11-23 23:50:03 INFO  AutomationLogger:22 - TEST STARTED: testcase01
2025-11-23 23:50:03 INFO  AutomationLogger:28 - ===== Starting Test =====
2025-11-23 23:50:03 INFO  AutomationLogger:19 - Entering login details...
2025-11-23 23:50:29 ERROR AutomationLogger:14 - TEST FAILED: testcase01
2025-11-23 23:50:30 INFO  AutomationLogger:30 - Screenshot captured: screenshots\testcase01_20251123_235030.png
2025-11-23 23:50:30 ERROR AutomationLogger:17 - Screenshot saved at: screenshots\testcase01_20251123_235030.png
2025-11-23 23:50:30 INFO  AutomationLogger:37 - ===== TEST SUITE FINISHED: UiAutomationTask =====
2025-11-23 23:50:54 INFO  AutomationLogger:32 - ===== TEST SUITE STARTED: UiAutomationTask =====
2025-11-23 23:51:01 INFO  AutomationLogger:22 - TEST STARTED: testcase01
2025-11-23 23:51:01 INFO  AutomationLogger:28 - ===== Starting Test =====
2025-11-23 23:51:01 INFO  AutomationLogger:19 - Entering login details...
2025-11-23 23:51:24 ERROR AutomationLogger:14 - TEST FAILED: testcase01
2025-11-23 23:51:25 INFO  AutomationLogger:30 - Screenshot captured: screenshots\testcase01_20251123_235125.png
2025-11-23 23:51:25 ERROR AutomationLogger:17 - Screenshot saved at: screenshots\testcase01_20251123_235125.png
2025-11-23 23:51:25 INFO  AutomationLogger:37 - ===== TEST SUITE FINISHED: UiAutomationTask =====
2025-11-23 23:54:49 INFO  AutomationLogger:32 - ===== TEST SUITE STARTED: UiAutomationTask =====
2025-11-23 23:54:57 INFO  AutomationLogger:22 - TEST STARTED: testcase01
2025-11-23 23:54:57 INFO  AutomationLogger:28 - ===== Starting Test =====
2025-11-23 23:54:57 INFO  AutomationLogger:19 - Entering login details...
2025-11-23 23:55:19 ERROR AutomationLogger:14 - TEST FAILED: testcase01
2025-11-23 23:55:20 INFO  AutomationLogger:30 - Screenshot captured: screenshots\testcase01_20251123_235520.png
2025-11-23 23:55:20 ERROR AutomationLogger:17 - Screenshot saved at: screenshots\testcase01_20251123_235520.png
2025-11-23 23:55:20 INFO  AutomationLogger:37 - ===== TEST SUITE FINISHED: UiAutomationTask =====
2025-11-23 23:56:12 INFO  AutomationLogger:32 - ===== TEST SUITE STARTED: UiAutomationTask =====
2025-11-23 23:56:17 INFO  AutomationLogger:22 - TEST STARTED: testcase01
2025-11-23 23:56:17 INFO  AutomationLogger:28 - ===== Starting Test =====
2025-11-23 23:56:17 INFO  AutomationLogger:19 - Entering login details...
2025-11-23 23:56:41 ERROR AutomationLogger:14 - TEST FAILED: testcase01
2025-11-23 23:56:41 INFO  AutomationLogger:30 - Screenshot captured: screenshots\testcase01_20251123_235641.png
2025-11-23 23:56:41 ERROR AutomationLogger:17 - Screenshot saved at: screenshots\testcase01_20251123_235641.png
2025-11-23 23:56:41 INFO  AutomationLogger:37 - ===== TEST SUITE FINISHED: UiAutomationTask =====
2025-11-24 00:00:26 INFO  AutomationLogger:32 - ===== TEST SUITE STARTED: UiAutomationTask =====
2025-11-24 00:00:34 INFO  AutomationLogger:22 - TEST STARTED: testcase01
2025-11-24 00:00:34 INFO  AutomationLogger:28 - ===== Starting Test =====
2025-11-24 00:00:34 INFO  AutomationLogger:19 - Entering login details...
2025-11-24 00:00:38 INFO  AutomationLogger:26 - The User Successfully Login
2025-11-24 00:00:38 INFO  AutomationLogger:27 - TEST PASSED: testcase01
2025-11-24 00:00:38 INFO  AutomationLogger:37 - ===== TEST SUITE FINISHED: UiAutomationTask =====
